<?xml version="1.0" encoding="utf-8"?><testsuites name="pytest tests"><testsuite name="pytest" errors="0" failures="0" skipped="0" tests="25" time="6.332" timestamp="2026-05-13T10:17:03.962659+00:00" hostname="agent-env-58deb122-6991-4050-91f9-2ee4de46086f"><testcase classname="backend.tests.backend_test.TestAuth" name="test_login_manager" time="0.571" /><testcase classname="backend.tests.backend_test.TestAuth" name="test_login_worker" time="0.349" /><testcase classname="backend.tests.backend_test.TestAuth" name="test_login_bad_password" time="0.330" /><testcase classname="backend.tests.backend_test.TestAuth" name="test_auth_me" time="0.458" /><testcase classname="backend.tests.backend_test.TestAuth" name="test_auth_me_unauth" time="0.157" /><testcase classname="backend.tests.backend_test.TestProducts" name="test_list_products_seeded" time="0.131" /><testcase classname="backend.tests.backend_test.TestProducts" name="test_get_by_barcode" time="0.107" /><testcase classname="backend.tests.backend_test.TestProducts" name="test_get_by_barcode_404" time="0.107" /><testcase classname="backend.tests.backend_test.TestProducts" name="test_create_product_as_manager" time="0.371" /><testcase classname="backend.tests.backend_test.TestProducts" name="test_worker_cannot_create_product" time="0.428" /><testcase classname="backend.tests.backend_test.TestSales" name="test_create_sale_decrements_stock_and_creates_notif" time="0.457" /><testcase classname="backend.tests.backend_test.TestSales" name="test_sale_insufficient_stock" time="0.216" /><testcase classname="backend.tests.backend_test.TestPurchases" name="test_manager_create_purchase_increments_stock" time="0.334" /><testcase classname="backend.tests.backend_test.TestPurchases" name="test_worker_cannot_purchase" time="0.104" /><testcase classname="backend.tests.backend_test.TestExpenses" name="test_manager_creates_expense" time="0.330" /><testcase classname="backend.tests.backend_test.TestExpenses" name="test_worker_cannot_expense" time="0.124" /><testcase classname="backend.tests.backend_test.TestNotifications" name="test_list_notifications" time="0.097" /><testcase classname="backend.tests.backend_test.TestNotifications" name="test_mark_all_read" time="0.267" /><testcase classname="backend.tests.backend_test.TestReports" name="test_summary_day" time="0.102" /><testcase classname="backend.tests.backend_test.TestReports" name="test_summary_month" time="0.176" /><testcase classname="backend.tests.backend_test.TestReports" name="test_timeseries_14" time="0.105" /><testcase classname="backend.tests.backend_test.TestReports" name="test_daily_report" time="0.139" /><testcase classname="backend.tests.backend_test.TestReports" name="test_worker_cannot_access_reports" time="0.115" /><testcase classname="backend.tests.backend_test.TestUsers" name="test_worker_cannot_list_users" time="0.153" /><testcase classname="backend.tests.backend_test.TestUsers" name="test_manager_creates_user" time="0.439" /></testsuite></testsuites>